  Building Custom Rule D:/Desktop/Dario/old/2A/INF443/Final project/scenes/inf443/project/CMakeLists.txt
  basic_types.cpp
  error.cpp
  rand.cpp
  string.cpp
  test_buffer.cpp
  test_buffer_stack.cpp
  test_grid.cpp
  test_grid_stack_2D.cpp
  offset_grid.cpp
  curve_drawable.cpp
  hierarchy_mesh_drawable.cpp
  hierarchy_mesh_drawable_node.cpp
  mesh_drawable.cpp
  mesh_normal_drawable.cpp
  mesh_wireframe_drawable.cpp
  segments_drawable.cpp
  shading_parameters.cpp
  trajectory_drawable.cpp
  image.cpp
  debug.cpp
  opengl_helper.cpp
  shaders.cpp
  texture.cpp
  uniform.cpp
  window.cpp
  files.cpp
  camera_around_center.cpp
  camera_base.cpp
  camera_head.cpp
  camera_spherical_coordinates.cpp
  common_functions.cpp
  glfw_interaction.cpp
  gui.cpp
  timer_basic.cpp
  timer_event_periodic.cpp
  timer_fps.cpp
  timer_interval.cpp
  velocity_tracker.cpp
  affine_rt.cpp
  affine_rts.cpp
  frame.cpp
  mat4.cpp
  test_matrix_stack.cpp
  projection.cpp
  quaternion.cpp
  rotation.cpp
  test_rotation.cpp
  test_vec_mat.cpp
  vec_mat.cpp
  shaders_preset.cpp
  curve.cpp
  intersection.cpp
  obj.cpp
  mesh_primitive.cpp
  mesh.cpp
  noise.cpp
  glad.cpp
  imgui.cpp
  imgui_demo.cpp
  imgui_draw.cpp
  imgui_impl_glfw.cpp
  imgui_impl_opengl3.cpp
  imgui_widgets.cpp
  lodepng.cpp
  simplexnoise1234.cpp
  Collision.cpp
  DefaultMeshDrawable.cpp
  DescriptiveAnimation.cpp
  Flamethrower.cpp
  FractalSphere.cpp
  GravityBall.cpp
D:\Desktop\Dario\old\2A\INF443\Final project\scenes\inf443\project\src\Collision.cpp(138,37): warning C4239: nonstandard extension used: 'argument': conversion from 'vcl::vec3' to 'vcl::vec3 &'
D:\Desktop\Dario\old\2A\INF443\Final project\scenes\inf443\project\src\Collision.cpp(138,37): message : A non-const reference may only be bound to an lvalue
D:\Desktop\Dario\old\2A\INF443\Final project\scenes\inf443\project\src\Collision.cpp(138,37): warning C4239: nonstandard extension used: 'argument': conversion from 'vcl::buffer_stack<float,3>' to 'vcl::vec3 &'
D:\Desktop\Dario\old\2A\INF443\Final project\scenes\inf443\project\src\Collision.cpp(138,37): message : A non-const reference may only be bound to an lvalue
D:\Desktop\Dario\old\2A\INF443\Final project\scenes\inf443\project\src\Collision.cpp(207,5): warning C4239: nonstandard extension used: 'argument': conversion from 'vcl::vec3' to 'vcl::vec3 &'
D:\Desktop\Dario\old\2A\INF443\Final project\scenes\inf443\project\src\Collision.cpp(207,5): message : A non-const reference may only be bound to an lvalue
D:\Desktop\Dario\old\2A\INF443\Final project\scenes\inf443\project\src\Collision.cpp(208,5): warning C4239: nonstandard extension used: 'argument': conversion from 'vcl::vec3' to 'vcl::vec3 &'
D:\Desktop\Dario\old\2A\INF443\Final project\scenes\inf443\project\src\Collision.cpp(208,5): message : A non-const reference may only be bound to an lvalue
D:\Desktop\Dario\old\2A\INF443\Final project\scenes\inf443\project\src\Collision.cpp(209,5): warning C4239: nonstandard extension used: 'argument': conversion from 'vcl::vec3' to 'vcl::vec3 &'
D:\Desktop\Dario\old\2A\INF443\Final project\scenes\inf443\project\src\Collision.cpp(209,5): message : A non-const reference may only be bound to an lvalue
D:\Desktop\Dario\old\2A\INF443\Final project\scenes\inf443\project\src\Collision.cpp(210,5): warning C4239: nonstandard extension used: 'argument': conversion from 'vcl::vec3' to 'vcl::vec3 &'
D:\Desktop\Dario\old\2A\INF443\Final project\scenes\inf443\project\src\Collision.cpp(210,5): message : A non-const reference may only be bound to an lvalue
  GravityBalls.cpp
  GravityParticles.cpp
D:\Desktop\Dario\old\2A\INF443\Final project\scenes\inf443\project\src\Collision.cpp(184): warning C4715: 'line_intersects_cuboid': not all control paths return a value
  GuiWindow.cpp
D:\Desktop\Dario\old\2A\INF443\Final project\scenes\inf443\project\src\Collision.cpp(378): warning C4715: 'CollisionPrimitive::intersects': not all control paths return a value
  Particle.cpp
D:\Desktop\Dario\old\2A\INF443\Final project\scenes\inf443\project\src\FractalSphere.cpp(8,98): warning C4239: nonstandard extension used: 'argument': conversion from 'vcl::mesh' to 'vcl::mesh &'
D:\Desktop\Dario\old\2A\INF443\Final project\scenes\inf443\project\src\FractalSphere.cpp(8,98): message : A non-const reference may only be bound to an lvalue
D:\Desktop\Dario\old\2A\INF443\Final project\scenes\inf443\project\src\FractalSphere.cpp(63,35): warning C4458: declaration of 'center' hides class member
D:\Desktop\Dario\old\2A\INF443\Final project\scenes\inf443\project\src\FractalSphere.hpp(9,12): message : see declaration of 'FractalSphere::center' (compiling source file D:\Desktop\Dario\old\2A\INF443\Final project\scenes\inf443\project\src\FractalSphere.cpp)
  ParticleSystem.cpp
D:\Desktop\Dario\old\2A\INF443\Final project\scenes\inf443\project\src\GravityParticles.hpp(7,16): warning C4305: 'initializing': truncation from 'double' to 'const float' (compiling source file D:\Desktop\Dario\old\2A\INF443\Final project\scenes\inf443\project\src\GravityBall.cpp)
  Skybox.cpp
D:\Desktop\Dario\old\2A\INF443\Final project\scenes\inf443\project\src\GravityBall.cpp(21,54): warning C4239: nonstandard extension used: 'argument': conversion from 'vcl::mesh' to 'vcl::mesh &'
D:\Desktop\Dario\old\2A\INF443\Final project\scenes\inf443\project\src\GravityBall.cpp(21,54): message : A non-const reference may only be bound to an lvalue
D:\Desktop\Dario\old\2A\INF443\Final project\scenes\inf443\project\src\GravityBall.cpp(24,83): warning C4458: declaration of 'ttl' hides class member
D:\Desktop\Dario\old\2A\INF443\Final project\scenes\inf443\project\src\ParticleSystem.hpp(15,8): message : see declaration of 'ParticleSystem::ttl' (compiling source file D:\Desktop\Dario\old\2A\INF443\Final project\scenes\inf443\project\src\GravityBall.cpp)
  Smoke.cpp
D:\Desktop\Dario\old\2A\INF443\Final project\scenes\inf443\project\src\GravityParticles.hpp(7,16): warning C4305: 'initializing': truncation from 'double' to 'const float' (compiling source file D:\Desktop\Dario\old\2A\INF443\Final project\scenes\inf443\project\src\GravityBalls.cpp)
D:\Desktop\Dario\old\2A\INF443\Final project\scenes\inf443\project\src\GravityBalls.cpp(23,62): warning C4239: nonstandard extension used: 'argument': conversion from 'vcl::mesh' to 'vcl::mesh &'
D:\Desktop\Dario\old\2A\INF443\Final project\scenes\inf443\project\src\GravityBalls.cpp(23,62): message : A non-const reference may only be bound to an lvalue
D:\Desktop\Dario\old\2A\INF443\Final project\scenes\inf443\project\src\GravityBalls.cpp(33,84): warning C4458: declaration of 'ttl' hides class member
D:\Desktop\Dario\old\2A\INF443\Final project\scenes\inf443\project\src\ParticleSystem.hpp(15,8): message : see declaration of 'ParticleSystem::ttl' (compiling source file D:\Desktop\Dario\old\2A\INF443\Final project\scenes\inf443\project\src\GravityBalls.cpp)
D:\Desktop\Dario\old\2A\INF443\Final project\scenes\inf443\project\src\GravityParticles.hpp(7,16): warning C4305: 'initializing': truncation from 'double' to 'const float' (compiling source file D:\Desktop\Dario\old\2A\INF443\Final project\scenes\inf443\project\src\GravityParticles.cpp)
D:\Desktop\Dario\old\2A\INF443\Final project\scenes\inf443\project\src\GravityParticles.cpp(5,118): warning C4458: declaration of 'ttl' hides class member
D:\Desktop\Dario\old\2A\INF443\Final project\scenes\inf443\project\src\ParticleSystem.hpp(15,8): message : see declaration of 'ParticleSystem::ttl' (compiling source file D:\Desktop\Dario\old\2A\INF443\Final project\scenes\inf443\project\src\GravityParticles.cpp)
  Vortex.cpp
  VortexPosition.cpp
  Weapon.cpp
  bird.cpp
D:\Desktop\Dario\old\2A\INF443\Final project\scenes\inf443\project\src\ParticleSystem.cpp(23,35): warning C4100: 'dt': unreferenced formal parameter
  dimensions.cpp
  main.cpp
D:\Desktop\Dario\old\2A\INF443\Final project\scenes\inf443\project\src\dimensions.hpp(16,2): warning C4091: 'extern ': ignored on left of 'dimensions' when no variable is declared (compiling source file D:\Desktop\Dario\old\2A\INF443\Final project\scenes\inf443\project\src\dimensions.cpp)
  mushroom.cpp
  obj_loader.cpp
D:\Desktop\Dario\old\2A\INF443\Final project\scenes\inf443\project\src\Smoke.cpp(71,107): warning C4458: declaration of 'ttl' hides class member
D:\Desktop\Dario\old\2A\INF443\Final project\scenes\inf443\project\src\ParticleSystem.hpp(15,8): message : see declaration of 'ParticleSystem::ttl' (compiling source file D:\Desktop\Dario\old\2A\INF443\Final project\scenes\inf443\project\src\Smoke.cpp)
D:\Desktop\Dario\old\2A\INF443\Final project\scenes\inf443\project\src\Vortex.cpp(71,108): warning C4458: declaration of 'ttl' hides class member
D:\Desktop\Dario\old\2A\INF443\Final project\scenes\inf443\project\src\ParticleSystem.hpp(15,8): message : see declaration of 'ParticleSystem::ttl' (compiling source file D:\Desktop\Dario\old\2A\INF443\Final project\scenes\inf443\project\src\Vortex.cpp)
  primitive.cpp
D:\Desktop\Dario\old\2A\INF443\Final project\scenes\inf443\project\src\bird.cpp(88,69): warning C4239: nonstandard extension used: 'argument': conversion from 'vcl::mesh' to 'vcl::mesh &'
D:\Desktop\Dario\old\2A\INF443\Final project\scenes\inf443\project\src\bird.cpp(88,69): message : A non-const reference may only be bound to an lvalue
  scene.cpp
  terrain.cpp
D:\Desktop\Dario\old\2A\INF443\Final project\scenes\inf443\project\src\dimensions.hpp(16,2): warning C4091: 'extern ': ignored on left of 'dimensions' when no variable is declared (compiling source file D:\Desktop\Dario\old\2A\INF443\Final project\scenes\inf443\project\src\terrain.cpp)
  tree.cpp
D:\Desktop\Dario\old\2A\INF443\Final project\scenes\inf443\project\src\dimensions.hpp(16,2): warning C4091: 'extern ': ignored on left of 'dimensions' when no variable is declared (compiling source file D:\Desktop\Dario\old\2A\INF443\Final project\scenes\inf443\project\src\mushroom.cpp)
D:\Desktop\Dario\old\2A\INF443\Final project\scenes\inf443\project\src\dimensions.hpp(16,2): warning C4091: 'extern ': ignored on left of 'dimensions' when no variable is declared (compiling source file D:\Desktop\Dario\old\2A\INF443\Final project\scenes\inf443\project\src\main.cpp)
D:\Desktop\Dario\old\2A\INF443\Final project\scenes\inf443\project\src\GravityParticles.hpp(7,16): warning C4305: 'initializing': truncation from 'double' to 'const float' (compiling source file D:\Desktop\Dario\old\2A\INF443\Final project\scenes\inf443\project\src\main.cpp)
D:\Desktop\Dario\old\2A\INF443\Final project\scenes\inf443\project\src\VortexPosition.hpp(15,30): warning C4100: 'dt': unreferenced formal parameter (compiling source file D:\Desktop\Dario\old\2A\INF443\Final project\scenes\inf443\project\src\main.cpp)
D:\Desktop\Dario\old\2A\INF443\Final project\scenes\inf443\project\src\Vortex.hpp(6,1): warning C4005: 'PARTICLE_SPEED_DRAG': macro redefinition (compiling source file D:\Desktop\Dario\old\2A\INF443\Final project\scenes\inf443\project\src\main.cpp)
D:\Desktop\Dario\old\2A\INF443\Final project\scenes\inf443\project\src\Smoke.hpp(6): message : see previous definition of 'PARTICLE_SPEED_DRAG' (compiling source file D:\Desktop\Dario\old\2A\INF443\Final project\scenes\inf443\project\src\main.cpp)
D:\Desktop\Dario\old\2A\INF443\Final project\scenes\inf443\project\src\main.cpp(44,35): warning C4305: 'initializing': truncation from 'double' to 'float'
D:\Desktop\Dario\old\2A\INF443\Final project\scenes\inf443\project\src\main.cpp(46,33): warning C4305: 'initializing': truncation from 'double' to 'float'
D:\Desktop\Dario\old\2A\INF443\Final project\scenes\inf443\project\src\main.cpp(47,33): warning C4305: 'initializing': truncation from 'double' to 'float'
D:\Desktop\Dario\old\2A\INF443\Final project\scenes\inf443\project\src\main.cpp(48,37): warning C4305: 'initializing': truncation from 'double' to 'float'
D:\Desktop\Dario\old\2A\INF443\Final project\scenes\inf443\project\src\main.cpp(49,32): warning C4305: 'initializing': truncation from 'double' to 'float'
D:\Desktop\Dario\old\2A\INF443\Final project\scenes\inf443\project\src\main.cpp(198,54): warning C4459: declaration of 'width' hides global declaration
D:\Desktop\Dario\old\2A\INF443\Final project\scenes\inf443\project\src\main.cpp(36,11): message : see declaration of 'width'
D:\Desktop\Dario\old\2A\INF443\Final project\scenes\inf443\project\src\main.cpp(198,54): warning C4459: declaration of 'height' hides global declaration
D:\Desktop\Dario\old\2A\INF443\Final project\scenes\inf443\project\src\main.cpp(36,25): message : see declaration of 'height'
D:\Desktop\Dario\old\2A\INF443\Final project\scenes\inf443\project\src\main.cpp(313,35): warning C4239: nonstandard extension used: 'argument': conversion from 'vcl::mesh' to 'vcl::mesh &'
D:\Desktop\Dario\old\2A\INF443\Final project\scenes\inf443\project\src\main.cpp(313,35): message : A non-const reference may only be bound to an lvalue
D:\Desktop\Dario\old\2A\INF443\Final project\scenes\inf443\project\src\main.cpp(317,96): warning C4239: nonstandard extension used: 'argument': conversion from 'vcl::mesh' to 'vcl::mesh &'
D:\Desktop\Dario\old\2A\INF443\Final project\scenes\inf443\project\src\main.cpp(317,96): message : A non-const reference may only be bound to an lvalue
D:\Desktop\Dario\old\2A\INF443\Final project\scenes\inf443\project\src\main.cpp(328,98): warning C4239: nonstandard extension used: 'argument': conversion from 'vcl::mesh' to 'vcl::mesh &'
D:\Desktop\Dario\old\2A\INF443\Final project\scenes\inf443\project\src\main.cpp(328,98): message : A non-const reference may only be bound to an lvalue
D:\Desktop\Dario\old\2A\INF443\Final project\scenes\inf443\project\src\main.cpp(395,44): warning C4459: declaration of 'width' hides global declaration
D:\Desktop\Dario\old\2A\INF443\Final project\scenes\inf443\project\src\main.cpp(36,11): message : see declaration of 'width'
D:\Desktop\Dario\old\2A\INF443\Final project\scenes\inf443\project\src\main.cpp(395,55): warning C4459: declaration of 'height' hides global declaration
D:\Desktop\Dario\old\2A\INF443\Final project\scenes\inf443\project\src\main.cpp(36,25): message : see declaration of 'height'
D:\Desktop\Dario\old\2A\INF443\Final project\scenes\inf443\project\src\main.cpp(439,78): warning C4100: 'mods': unreferenced formal parameter
D:\Desktop\Dario\old\2A\INF443\Final project\scenes\inf443\project\src\main.cpp(439,52): warning C4100: 'scancode': unreferenced formal parameter
D:\Desktop\Dario\old\2A\INF443\Final project\scenes\inf443\project\src\main.cpp(457,76): warning C4100: 'mods': unreferenced formal parameter
D:\Desktop\Dario\old\2A\INF443\Final project\scenes\inf443\project\src\main.cpp(457,40): warning C4100: 'window': unreferenced formal parameter
D:\Desktop\Dario\old\2A\INF443\Final project\scenes\inf443\project\src\main.cpp(493,66): warning C4239: nonstandard extension used: 'argument': conversion from 'vcl::vec3' to 'vcl::vec3 &'
D:\Desktop\Dario\old\2A\INF443\Final project\scenes\inf443\project\src\main.cpp(493,66): message : A non-const reference may only be bound to an lvalue
D:\Desktop\Dario\old\2A\INF443\Final project\scenes\inf443\project\src\main.cpp(505,44): warning C4239: nonstandard extension used: 'argument': conversion from 'vcl::vec3' to 'vcl::vec3 &'
D:\Desktop\Dario\old\2A\INF443\Final project\scenes\inf443\project\src\main.cpp(505,44): message : A non-const reference may only be bound to an lvalue
D:\Desktop\Dario\old\2A\INF443\Final project\scenes\inf443\project\src\main.cpp(536,73): warning C4239: nonstandard extension used: 'argument': conversion from 'vcl::vec3' to 'vcl::vec3 &'
D:\Desktop\Dario\old\2A\INF443\Final project\scenes\inf443\project\src\main.cpp(536,73): message : A non-const reference may only be bound to an lvalue
D:\Desktop\Dario\old\2A\INF443\Final project\scenes\inf443\project\src\main.cpp(537,36): warning C4239: nonstandard extension used: 'argument': conversion from 'vcl::rotation' to 'vcl::rotation &'
D:\Desktop\Dario\old\2A\INF443\Final project\scenes\inf443\project\src\main.cpp(537,36): message : A non-const reference may only be bound to an lvalue
D:\Desktop\Dario\old\2A\INF443\Final project\scenes\inf443\project\src\main.cpp(539,60): warning C4239: nonstandard extension used: 'argument': conversion from 'vcl::rotation' to 'vcl::rotation &'
D:\Desktop\Dario\old\2A\INF443\Final project\scenes\inf443\project\src\main.cpp(539,60): message : A non-const reference may only be bound to an lvalue
D:\Desktop\Dario\old\2A\INF443\Final project\scenes\inf443\project\src\main.cpp(544,75): warning C4239: nonstandard extension used: 'argument': conversion from 'vcl::vec3' to 'vcl::vec3 &'
D:\Desktop\Dario\old\2A\INF443\Final project\scenes\inf443\project\src\main.cpp(544,75): message : A non-const reference may only be bound to an lvalue
D:\Desktop\Dario\old\2A\INF443\Final project\scenes\inf443\project\src\main.cpp(545,38): warning C4239: nonstandard extension used: 'argument': conversion from 'vcl::rotation' to 'vcl::rotation &'
D:\Desktop\Dario\old\2A\INF443\Final project\scenes\inf443\project\src\main.cpp(545,38): message : A non-const reference may only be bound to an lvalue
D:\Desktop\Dario\old\2A\INF443\Final project\scenes\inf443\project\src\main.cpp(547,62): warning C4239: nonstandard extension used: 'argument': conversion from 'vcl::rotation' to 'vcl::rotation &'
D:\Desktop\Dario\old\2A\INF443\Final project\scenes\inf443\project\src\main.cpp(547,62): message : A non-const reference may only be bound to an lvalue
D:\Desktop\Dario\old\2A\INF443\Final project\scenes\inf443\project\src\main.cpp(642,53): warning C4239: nonstandard extension used: 'argument': conversion from 'vcl::vec3' to 'vcl::vec3 &'
D:\Desktop\Dario\old\2A\INF443\Final project\scenes\inf443\project\src\main.cpp(642,53): message : A non-const reference may only be bound to an lvalue
D:\Desktop\Dario\old\2A\INF443\Final project\scenes\inf443\project\src\main.cpp(654,89): warning C4239: nonstandard extension used: 'argument': conversion from 'vcl::vec3' to 'vcl::vec3 &'
D:\Desktop\Dario\old\2A\INF443\Final project\scenes\inf443\project\src\main.cpp(654,89): message : A non-const reference may only be bound to an lvalue
D:\Desktop\Dario\old\2A\INF443\Final project\scenes\inf443\project\src\main.cpp(684,76): warning C4239: nonstandard extension used: 'argument': conversion from 'vcl::vec3' to 'vcl::vec3 &'
D:\Desktop\Dario\old\2A\INF443\Final project\scenes\inf443\project\src\main.cpp(684,76): message : A non-const reference may only be bound to an lvalue
  user_interaction.cpp
D:\Desktop\Dario\old\2A\INF443\Final project\scenes\inf443\project\src\GravityBalls.hpp(45,1): warning C4239: nonstandard extension used: 'argument': conversion from 'DefaultMeshDrawable' to 'DefaultMeshDrawable &' (compiling source file D:\Desktop\Dario\old\2A\INF443\Final project\scenes\inf443\project\src\main.cpp)
D:\Desktop\Dario\old\2A\INF443\Final project\scenes\inf443\project\src\GravityBalls.hpp(45,1): message : A non-const reference may only be bound to an lvalue (compiling source file D:\Desktop\Dario\old\2A\INF443\Final project\scenes\inf443\project\src\main.cpp)
D:\Desktop\Dario\old\2A\INF443\Final project\scenes\inf443\project\src\main.cpp(502): message : see reference to function template instantiation 'void vcl::draw<scene_environment>(GravityBalls &,const SCENE &)' being compiled
          with
          [
              SCENE=scene_environment
          ]
D:\Desktop\Dario\old\2A\INF443\Final project\scenes\inf443\project\src\FractalSphere.hpp(26,1): warning C4239: nonstandard extension used: 'argument': conversion from 'DefaultMeshDrawable' to 'DefaultMeshDrawable &' (compiling source file D:\Desktop\Dario\old\2A\INF443\Final project\scenes\inf443\project\src\main.cpp)
D:\Desktop\Dario\old\2A\INF443\Final project\scenes\inf443\project\src\FractalSphere.hpp(26,1): message : A non-const reference may only be bound to an lvalue (compiling source file D:\Desktop\Dario\old\2A\INF443\Final project\scenes\inf443\project\src\main.cpp)
D:\Desktop\Dario\old\2A\INF443\Final project\scenes\inf443\project\src\main.cpp(508): message : see reference to function template instantiation 'void vcl::draw<scene_environment>(FractalSphere &,const SCENE &)' being compiled
          with
          [
              SCENE=scene_environment
          ]
D:\Desktop\Dario\old\2A\INF443\Final project\scenes\inf443\project\src\tree.hpp(22,1): warning C4239: nonstandard extension used: 'argument': conversion from 'DefaultMeshDrawable' to 'DefaultMeshDrawable &' (compiling source file D:\Desktop\Dario\old\2A\INF443\Final project\scenes\inf443\project\src\main.cpp)
D:\Desktop\Dario\old\2A\INF443\Final project\scenes\inf443\project\src\tree.hpp(22,1): message : A non-const reference may only be bound to an lvalue (compiling source file D:\Desktop\Dario\old\2A\INF443\Final project\scenes\inf443\project\src\main.cpp)
D:\Desktop\Dario\old\2A\INF443\Final project\scenes\inf443\project\src\main.cpp(520): message : see reference to function template instantiation 'void vcl::draw<scene_environment>(Tree &,const SCENE &)' being compiled
          with
          [
              SCENE=scene_environment
          ]
  utils.cpp
D:\Desktop\Dario\old\2A\INF443\Final project\library\third_party\src\obj_loader\OBJ_Loader.h(780): warning C4701: potentially uninitialized local variable 'vtype' used
D:\Desktop\Dario\old\2A\INF443\Final project\scenes\inf443\project\src\terrain.cpp(63,30): warning C4018: '<': signed/unsigned mismatch
D:\Desktop\Dario\old\2A\INF443\Final project\scenes\inf443\project\src\terrain.cpp(65,34): warning C4018: '<': signed/unsigned mismatch
D:\Desktop\Dario\old\2A\INF443\Final project\scenes\inf443\project\src\dimensions.hpp(16,2): warning C4091: 'extern ': ignored on left of 'dimensions' when no variable is declared (compiling source file D:\Desktop\Dario\old\2A\INF443\Final project\scenes\inf443\project\src\tree.cpp)
D:\Desktop\Dario\old\2A\INF443\Final project\scenes\inf443\project\src\tree.cpp(31,67): warning C4239: nonstandard extension used: 'argument': conversion from 'vcl::mesh' to 'vcl::mesh &'
D:\Desktop\Dario\old\2A\INF443\Final project\scenes\inf443\project\src\tree.cpp(31,67): message : A non-const reference may only be bound to an lvalue
D:\Desktop\Dario\old\2A\INF443\Final project\scenes\inf443\project\src\tree.cpp(48,149): warning C4239: nonstandard extension used: 'argument': conversion from 'vcl::mesh' to 'vcl::mesh &'
D:\Desktop\Dario\old\2A\INF443\Final project\scenes\inf443\project\src\tree.cpp(48,149): message : A non-const reference may only be bound to an lvalue
D:\Desktop\Dario\old\2A\INF443\Final project\scenes\inf443\project\src\tree.cpp(67,153): warning C4239: nonstandard extension used: 'argument': conversion from 'vcl::mesh' to 'vcl::mesh &'
D:\Desktop\Dario\old\2A\INF443\Final project\scenes\inf443\project\src\tree.cpp(67,153): message : A non-const reference may only be bound to an lvalue
D:\Desktop\Dario\old\2A\INF443\Final project\scenes\inf443\project\src\tree.cpp(79,153): warning C4239: nonstandard extension used: 'argument': conversion from 'vcl::mesh' to 'vcl::mesh &'
D:\Desktop\Dario\old\2A\INF443\Final project\scenes\inf443\project\src\tree.cpp(79,153): message : A non-const reference may only be bound to an lvalue
D:\Desktop\Dario\old\2A\INF443\Final project\scenes\inf443\project\src\tree.cpp(91,153): warning C4239: nonstandard extension used: 'argument': conversion from 'vcl::mesh' to 'vcl::mesh &'
D:\Desktop\Dario\old\2A\INF443\Final project\scenes\inf443\project\src\tree.cpp(91,153): message : A non-const reference may only be bound to an lvalue
  special_types.cpp
  interpolation.cpp
  special_types.cpp
  interpolation.cpp
  project.vcxproj -> D:\Desktop\Dario\old\2A\INF443\Final project\scenes\inf443\project\build\Release\project.exe
